[12268:7536:0424/105427.239:ERROR:browser_switcher_service.cc(238)] XXX Init()
[12268:7536:0424/105608.670:INFO:CONSOLE(0)] "Slow network is detected. See https://www.chromestatus.com/feature/5636954674692096 for more details. Fallback font will be used while loading: https://fonts.gstatic.com/s/roboto/v20/KFOmCnqEu92Fr1Mu4mxK.woff2", source: chrome-search://local-ntp/local-ntp.html (0)
[12268:7536:0424/105619.350:INFO:CONSOLE(0)] "[DOM] Found 2 elements with non-unique id #locale: (More info: https://goo.gl/9p2vKq) %o %o", source: https://www.facebook.com/ (0)
[12268:7536:0424/105619.350:INFO:CONSOLE(0)] "[DOM] Input elements should have autocomplete attributes (suggested: "current-password"): (More info: https://goo.gl/9p2vKq) %o", source: https://www.facebook.com/ (0)
[12268:7536:0424/105619.351:INFO:CONSOLE(0)] "[DOM] Input elements should have autocomplete attributes (suggested: "username"): (More info: https://goo.gl/9p2vKq) %o", source: https://www.facebook.com/ (0)
[12268:7536:0424/105619.542:INFO:CONSOLE(0)] "
%cStop! font-family:helvetica; font-size:20px; font-size:50px; font-weight:bold; color:red; -webkit-text-stroke:1px black;", source:  (0)
[12268:7536:0424/105619.543:INFO:CONSOLE(0)] "
%cThis is a browser feature intended for developers. If someone told you to copy and paste something here to enable a Facebook feature or "hack" someone's account, it is a scam and will give them access to your Facebook account. font-family:helvetica; font-size:20px; ", source:  (0)
[12268:7536:0424/105619.543:INFO:CONSOLE(0)] "
%cSee https://www.facebook.com/selfxss for more information. font-family:helvetica; font-size:20px; ", source:  (0)
[12268:7536:0424/105619.545:INFO:CONSOLE(0)] "
%c ", source:  (0)
[12268:7536:0424/105917.356:INFO:CONSOLE(25)] "Uncaught ReferenceError: requireLazy is not defined", source: https://www.facebook.com/ (25)
[12268:7536:0424/105917.447:INFO:CONSOLE(28)] "Uncaught ReferenceError: require is not defined", source: https://www.facebook.com/ (28)
[12268:7536:0424/105917.450:INFO:CONSOLE(28)] "Uncaught ReferenceError: requireLazy is not defined", source: https://www.facebook.com/ (28)
[12268:7536:0424/105917.452:INFO:CONSOLE(28)] "Uncaught ReferenceError: requireLazy is not defined", source: https://www.facebook.com/ (28)
[12268:7536:0424/105917.468:INFO:CONSOLE(3)] "Uncaught ReferenceError: __d is not defined", source: https://static.xx.fbcdn.net/rsrc.php/v3iYgh4/yu/l/en_US/miPxgRwgrWE.js?_nc_x=Zj9GjJZC-nx (3)
[12268:7536:0424/105917.471:INFO:CONSOLE(29)] "Uncaught ReferenceError: require is not defined", source: https://www.facebook.com/ (29)
[12268:7536:0424/105917.472:INFO:CONSOLE(30)] "Uncaught TypeError: Cannot read property 'beforePageletArrive' of undefined", source: https://www.facebook.com/ (30)
[12268:7536:0424/105917.476:INFO:CONSOLE(31)] "Uncaught ReferenceError: require is not defined", source: https://www.facebook.com/ (31)
[12268:7536:0424/105917.477:INFO:CONSOLE(32)] "Uncaught TypeError: Cannot read property 'setPageID' of undefined", source: https://www.facebook.com/ (32)
[12268:7536:0424/105917.478:INFO:CONSOLE(35)] "Uncaught TypeError: Cannot read property 'beforePageletArrive' of undefined", source: https://www.facebook.com/ (35)
[12268:7536:0424/105917.479:INFO:CONSOLE(36)] "Uncaught ReferenceError: require is not defined", source: https://www.facebook.com/ (36)
[12268:7536:0424/105917.480:INFO:CONSOLE(38)] "Uncaught TypeError: Cannot read property 'beforePageletArrive' of undefined", source: https://www.facebook.com/ (38)
[12268:7536:0424/105917.482:INFO:CONSOLE(39)] "Uncaught ReferenceError: require is not defined", source: https://www.facebook.com/ (39)
[12268:7536:0424/105917.482:INFO:CONSOLE(41)] "Uncaught TypeError: Cannot read property 'beforePageletArrive' of undefined", source: https://www.facebook.com/ (41)
[12268:7536:0424/105917.483:INFO:CONSOLE(42)] "Uncaught ReferenceError: require is not defined", source: https://www.facebook.com/ (42)
[12268:7536:0424/105917.484:INFO:CONSOLE(44)] "Uncaught TypeError: Cannot read property 'beforePageletArrive' of undefined", source: https://www.facebook.com/ (44)
[12268:7536:0424/105917.485:INFO:CONSOLE(45)] "Uncaught ReferenceError: require is not defined", source: https://www.facebook.com/ (45)
[12268:7536:0424/105917.485:INFO:CONSOLE(48)] "Uncaught TypeError: Cannot read property 'beforePageletArrive' of undefined", source: https://www.facebook.com/ (48)
[12268:7536:0424/105917.487:INFO:CONSOLE(49)] "Uncaught ReferenceError: require is not defined", source: https://www.facebook.com/ (49)
[12268:7536:0424/105917.487:INFO:CONSOLE(52)] "Uncaught TypeError: Cannot read property 'beforePageletArrive' of undefined", source: https://www.facebook.com/ (52)
[12268:7536:0424/105917.488:INFO:CONSOLE(53)] "Uncaught ReferenceError: require is not defined", source: https://www.facebook.com/ (53)
[12268:7536:0424/105917.489:INFO:CONSOLE(56)] "Uncaught TypeError: Cannot read property 'beforePageletArrive' of undefined", source: https://www.facebook.com/ (56)
[12268:7536:0424/105917.490:INFO:CONSOLE(57)] "Uncaught ReferenceError: require is not defined", source: https://www.facebook.com/ (57)
[12268:7536:0424/105917.491:INFO:CONSOLE(59)] "Uncaught TypeError: Cannot read property 'beforePageletArrive' of undefined", source: https://www.facebook.com/ (59)
[12268:7536:0424/105917.492:INFO:CONSOLE(60)] "Uncaught ReferenceError: require is not defined", source: https://www.facebook.com/ (60)
[12268:7536:0424/105917.492:INFO:CONSOLE(62)] "Uncaught TypeError: Cannot read property 'beforePageletArrive' of undefined", source: https://www.facebook.com/ (62)
[12268:7536:0424/105917.493:INFO:CONSOLE(63)] "Uncaught ReferenceError: require is not defined", source: https://www.facebook.com/ (63)
[12268:7536:0424/105917.494:INFO:CONSOLE(66)] "Uncaught TypeError: Cannot read property 'beforePageletArrive' of undefined", source: https://www.facebook.com/ (66)
[12268:7536:0424/105917.495:INFO:CONSOLE(67)] "Uncaught ReferenceError: require is not defined", source: https://www.facebook.com/ (67)
[12268:7536:0424/105917.496:INFO:CONSOLE(70)] "Uncaught TypeError: Cannot read property 'beforePageletArrive' of undefined", source: https://www.facebook.com/ (70)
[12268:7536:0424/105917.499:INFO:CONSOLE(71)] "Uncaught ReferenceError: require is not defined", source: https://www.facebook.com/ (71)
[12268:7536:0424/105917.499:INFO:CONSOLE(74)] "Uncaught TypeError: Cannot read property 'beforePageletArrive' of undefined", source: https://www.facebook.com/ (74)
[12268:7536:0424/105917.500:INFO:CONSOLE(75)] "Uncaught ReferenceError: require is not defined", source: https://www.facebook.com/ (75)
[12268:7536:0424/105917.501:INFO:CONSOLE(78)] "Uncaught TypeError: Cannot read property 'beforePageletArrive' of undefined", source: https://www.facebook.com/ (78)
[12268:7536:0424/105917.502:INFO:CONSOLE(79)] "Uncaught ReferenceError: require is not defined", source: https://www.facebook.com/ (79)
[12268:7536:0424/105917.502:INFO:CONSOLE(82)] "Uncaught TypeError: Cannot read property 'beforePageletArrive' of undefined", source: https://www.facebook.com/ (82)
[12268:7536:0424/105917.503:INFO:CONSOLE(83)] "Uncaught ReferenceError: require is not defined", source: https://www.facebook.com/ (83)
[12268:7536:0424/105917.504:INFO:CONSOLE(86)] "Uncaught TypeError: Cannot read property 'beforePageletArrive' of undefined", source: https://www.facebook.com/ (86)
[12268:7536:0424/105917.505:INFO:CONSOLE(87)] "Uncaught ReferenceError: require is not defined", source: https://www.facebook.com/ (87)
[12268:7536:0424/105917.506:INFO:CONSOLE(90)] "Uncaught TypeError: Cannot read property 'beforePageletArrive' of undefined", source: https://www.facebook.com/ (90)
[12268:7536:0424/105917.507:INFO:CONSOLE(91)] "Uncaught ReferenceError: require is not defined", source: https://www.facebook.com/ (91)
[12268:7536:0424/105917.508:INFO:CONSOLE(93)] "Uncaught TypeError: Cannot read property 'beforePageletArrive' of undefined", source: https://www.facebook.com/ (93)
[12268:7536:0424/105917.509:INFO:CONSOLE(94)] "Uncaught ReferenceError: require is not defined", source: https://www.facebook.com/ (94)
[12268:7536:0424/105917.514:INFO:CONSOLE(97)] "Uncaught TypeError: Cannot read property 'beforePageletArrive' of undefined", source: https://www.facebook.com/ (97)
[12268:7536:0424/105917.516:INFO:CONSOLE(98)] "Uncaught ReferenceError: require is not defined", source: https://www.facebook.com/ (98)
[12268:7536:0424/105917.517:INFO:CONSOLE(101)] "Uncaught TypeError: Cannot read property 'beforePageletArrive' of undefined", source: https://www.facebook.com/ (101)
[12268:7536:0424/105917.518:INFO:CONSOLE(102)] "Uncaught ReferenceError: require is not defined", source: https://www.facebook.com/ (102)
[12268:7536:0424/105917.519:INFO:CONSOLE(105)] "Uncaught TypeError: Cannot read property 'beforePageletArrive' of undefined", source: https://www.facebook.com/ (105)
[12268:7536:0424/105917.522:INFO:CONSOLE(106)] "Uncaught ReferenceError: require is not defined", source: https://www.facebook.com/ (106)
[12268:7536:0424/105917.523:INFO:CONSOLE(109)] "Uncaught TypeError: Cannot read property 'beforePageletArrive' of undefined", source: https://www.facebook.com/ (109)
[12268:7536:0424/105917.524:INFO:CONSOLE(110)] "Uncaught ReferenceError: require is not defined", source: https://www.facebook.com/ (110)
[12268:7536:0424/105917.525:INFO:CONSOLE(113)] "Uncaught TypeError: Cannot read property 'beforePageletArrive' of undefined", source: https://www.facebook.com/ (113)
[12268:7536:0424/105917.526:INFO:CONSOLE(114)] "Uncaught ReferenceError: require is not defined", source: https://www.facebook.com/ (114)
[12268:7536:0424/105917.527:INFO:CONSOLE(117)] "Uncaught TypeError: Cannot read property 'beforePageletArrive' of undefined", source: https://www.facebook.com/ (117)
[12268:7536:0424/105917.528:INFO:CONSOLE(118)] "Uncaught ReferenceError: require is not defined", source: https://www.facebook.com/ (118)
[12268:7536:0424/105917.528:INFO:CONSOLE(118)] "Uncaught TypeError: Cannot read property 'beforePageletArrive' of undefined", source: https://www.facebook.com/ (118)
[12268:7536:0424/105917.633:INFO:CONSOLE(119)] "Uncaught ReferenceError: require is not defined", source: https://www.facebook.com/ (119)
[12268:7536:0424/111339.323:WARNING:pref_notifier_impl.cc(40)] Pref observer for media_router.cast_allow_all_ips found at shutdown.
[12268:7536:0424/111339.323:WARNING:pref_notifier_impl.cc(40)] Pref observer for browser.relaunch_notification_period found at shutdown.
